Memory Monitor: e:\geological intelligence\app\gi_all_deprecated\framework\connectdatabasedlg.cpp(1767) : Here find difference between initial and leaving memory status!
Memory Monitor: e:\geological intelligence\app\gi_all_deprecated\framework\connectdatabasedlg.cpp(1767) : Initial memory status(31395824K)
Memory Monitor: e:\geological intelligence\app\gi_all_deprecated\framework\connectdatabasedlg.cpp(1767) : Leaving memory status(31304376K)
Memory Monitor: e:\geological intelligence\app\gi_all_deprecated\framework\connectdatabasedlg.cpp(2074) : Here find difference between initial and leaving memory status!
Memory Monitor: e:\geological intelligence\app\gi_all_deprecated\framework\connectdatabasedlg.cpp(2074) : Initial memory status(35382852K)
Memory Monitor: e:\geological intelligence\app\gi_all_deprecated\framework\connectdatabasedlg.cpp(2074) : Leaving memory status(35382784K)
Memory Monitor: e:\geological intelligence\app\gi_all_deprecated\framework\connectdatabasedlg.cpp(1951) : Here find difference between initial and leaving memory status!
Memory Monitor: e:\geological intelligence\app\gi_all_deprecated\framework\connectdatabasedlg.cpp(1951) : Initial memory status(35001900K)
Memory Monitor: e:\geological intelligence\app\gi_all_deprecated\framework\connectdatabasedlg.cpp(1951) : Leaving memory status(35002872K)
Memory Monitor: e:\geological intelligence\any\db\src\anyaccessor.cpp(168) : Here find difference between initial and leaving memory status!
Memory Monitor: e:\geological intelligence\any\db\src\anyaccessor.cpp(168) : Initial memory status(35002876K)
Memory Monitor: e:\geological intelligence\any\db\src\anyaccessor.cpp(168) : Leaving memory status(34993412K)
Memory Monitor: e:\geological intelligence\any\db\src\anyaccessor.cpp(168) : Here find difference between initial and leaving memory status!
Memory Monitor: e:\geological intelligence\any\db\src\anyaccessor.cpp(168) : Initial memory status(34994800K)
Memory Monitor: e:\geological intelligence\any\db\src\anyaccessor.cpp(168) : Leaving memory status(34988740K)
Memory Monitor: e:\geological intelligence\app\gi_all_deprecated\framework\connectdatabasedlg.cpp(409) : Here find difference between initial and leaving memory status!
Memory Monitor: e:\geological intelligence\app\gi_all_deprecated\framework\connectdatabasedlg.cpp(409) : Initial memory status(35635916K)
Memory Monitor: e:\geological intelligence\app\gi_all_deprecated\framework\connectdatabasedlg.cpp(409) : Leaving memory status(32815436K)
Memory Monitor: e:\geological intelligence\any\db\src\anyaccessor.cpp(205) : Here find difference between initial and leaving memory status!
Memory Monitor: e:\geological intelligence\any\db\src\anyaccessor.cpp(205) : Initial memory status(35287608K)
Memory Monitor: e:\geological intelligence\any\db\src\anyaccessor.cpp(205) : Leaving memory status(35287532K)
